<component name="ArtifactManager">
  <artifact type="jar" name="junit-tutorial:jar">
    <output-path>$PROJECT_DIR$/out/artifacts/junit_tutorial_jar</output-path>
    <root id="archive" name="junit-tutorial.jar">
      <element id="directory" name="META-INF">
        <element id="file-copy" path="$PROJECT_DIR$/src/main/java/META-INF/MANIFEST.MF" />
      </element>
      <element id="module-output" name="junit-tutorial" />
      <element id="extracted-dir" path="$MAVEN_REPOSITORY$/org/junit/platform/junit-platform-commons/1.7.2/junit-platform-commons-1.7.2.jar" path-in-jar="/" />
      <element id="extracted-dir" path="$MAVEN_REPOSITORY$/org/apiguardian/apiguardian-api/1.1.0/apiguardian-api-1.1.0.jar" path-in-jar="/" />
      <element id="extracted-dir" path="$MAVEN_REPOSITORY$/org/junit/jupiter/junit-jupiter-params/5.7.2/junit-jupiter-params-5.7.2.jar" path-in-jar="/" />
      <element id="extracted-dir" path="$MAVEN_REPOSITORY$/org/junit/jupiter/junit-jupiter/5.7.2/junit-jupiter-5.7.2.jar" path-in-jar="/" />
      <element id="extracted-dir" path="$MAVEN_REPOSITORY$/org/opentest4j/opentest4j/1.2.0/opentest4j-1.2.0.jar" path-in-jar="/" />
      <element id="extracted-dir" path="$MAVEN_REPOSITORY$/org/junit/jupiter/junit-jupiter-engine/5.7.2/junit-jupiter-engine-5.7.2.jar" path-in-jar="/" />
      <element id="extracted-dir" path="$MAVEN_REPOSITORY$/org/junit/platform/junit-platform-engine/1.7.2/junit-platform-engine-1.7.2.jar" path-in-jar="/" />
      <element id="extracted-dir" path="$MAVEN_REPOSITORY$/commons-io/commons-io/1.4/commons-io-1.4.jar" path-in-jar="/" />
    </root>
  </artifact>
</component>